[13Dec2024 12:29:47.133] [main/INFO] [cpw.mods.modlauncher.Launcher/MODLAUNCHER]: ModLauncher running: args [--launchTarget, forgeclientuserdev, --version, 21.1.83, --assetIndex, 17, --assetsDir, C:\\Users\\user\\.gradle\\caches\\neoformruntime\\assets, --gameDir, ., --fml.neoForgeVersion, 21.1.83, --fml.fmlVersion, 4.0.34, --fml.mcVersion, 1.21.1, --fml.neoFormVersion, 20240808.144430]
[13Dec2024 12:29:47.135] [main/INFO] [cpw.mods.modlauncher.Launcher/MODLAUNCHER]: JVM identified as Eclipse Adoptium OpenJDK 64-Bit Server VM 21.0.5+11-LTS
[13Dec2024 12:29:47.136] [main/INFO] [cpw.mods.modlauncher.Launcher/MODLAUNCHER]: ModLauncher 11.0.4+main.d2e20e43 starting: java version 21.0.5 by Eclipse Adoptium; OS Windows 10 arch amd64 version 10.0
[13Dec2024 12:29:47.227] [main/INFO] [net.neoforged.fml.loading.ImmediateWindowHandler/]: Loading ImmediateWindowProvider fmlearlywindow
[13Dec2024 12:29:47.317] [main/INFO] [EARLYDISPLAY/]: Trying GL version 4.6
[13Dec2024 12:29:47.445] [main/INFO] [EARLYDISPLAY/]: Requested GL version 4.6 got version 4.6
[13Dec2024 12:29:47.529] [main/INFO] [mixin/]: SpongePowered MIXIN Subsystem Version=0.8.7 Source=union:/C:/Users/user/.gradle/caches/modules-2/files-2.1/net.fabricmc/sponge-mixin/0.15.2+mixin.0.8.7/2af2f021d8e02a0220dc27a7a72b4666d66d44ca/sponge-mixin-0.15.2+mixin.0.8.7.jar%23131!/ Service=ModLauncher Env=CLIENT
[13Dec2024 12:29:47.724] [pool-2-thread-1/INFO] [EARLYDISPLAY/]: GL info: NVIDIA GeForce GTX 1650/PCIe/SSE2 GL version 4.6.0 NVIDIA 560.94, NVIDIA Corporation
[13Dec2024 12:29:47.885] [main/INFO] [net.neoforged.fml.loading.moddiscovery.locators.JarInJarDependencyLocator/]: Found 2 dependencies adding them to mods collection
[13Dec2024 12:29:47.887] [main/INFO] [net.neoforged.fml.loading.moddiscovery.ModDiscoverer/]: 
     Mod List:
		Name Version (Mod Id)

		Jade 15.8.3+neoforge (jade)
		Just Enough Items 19.21.0.247 (jei)
		Minecraft 1.21.1 (minecraft)
		NeoForge 21.1.83 (neoforge)
		SpiceUp 1.0 (spiceup)
[13Dec2024 12:29:48.715] [main/INFO] [cpw.mods.modlauncher.LaunchServiceHandler/MODLAUNCHER]: Launching target 'forgeclientuserdev' with arguments [--version, 21.1.83, --gameDir, ., --assetsDir, C:\Users\user\.gradle\caches\neoformruntime\assets, --assetIndex, 17]
[13Dec2024 12:29:48.753] [main/WARN] [mixin/]: Reference map 'spiceup.refmap.json' for spiceup.mixins.json could not be read. If this is a development environment you can ignore this message
[13Dec2024 12:29:50.103] [Datafixer Bootstrap/INFO] [com.mojang.datafixers.DataFixerBuilder/]: 229 Datafixer optimizations took 403 milliseconds
[13Dec2024 12:29:50.221] [pool-9-thread-1/INFO] [MixinExtras|Service/]: Initializing MixinExtras via com.llamalad7.mixinextras.service.MixinExtrasServiceImpl(version=0.4.1).
[13Dec2024 12:29:53.916] [main/WARN] [net.minecraft.commands.Commands/]: Ambiguity between arguments [teleport, location] and [teleport, destination] with inputs: [0.1 -0.5 .9, 0 0 0]
[13Dec2024 12:29:53.917] [main/WARN] [net.minecraft.commands.Commands/]: Ambiguity between arguments [teleport, location] and [teleport, targets] with inputs: [0.1 -0.5 .9, 0 0 0]
[13Dec2024 12:29:53.920] [main/WARN] [net.minecraft.commands.Commands/]: Ambiguity between arguments [teleport, destination] and [teleport, targets] with inputs: [Player, 0123, @e, dd12be42-52a9-4a91-a8a1-11c01849e498]
[13Dec2024 12:29:53.921] [main/WARN] [net.minecraft.commands.Commands/]: Ambiguity between arguments [teleport, targets] and [teleport, destination] with inputs: [Player, 0123, dd12be42-52a9-4a91-a8a1-11c01849e498]
[13Dec2024 12:29:53.922] [main/WARN] [net.minecraft.commands.Commands/]: Ambiguity between arguments [teleport, targets, location] and [teleport, targets, destination] with inputs: [0.1 -0.5 .9, 0 0 0]
[13Dec2024 12:29:54.031] [Render thread/WARN] [net.minecraft.server.packs.VanillaPackResourcesBuilder/]: Assets URL 'union:/C:/Users/user/IdeaProjects/SpiceUp/build/moddev/artifacts/neoforge-21.1.83-minecraft-merged.jar%23185!/assets/.mcassetsroot' uses unexpected schema
[13Dec2024 12:29:54.031] [Render thread/WARN] [net.minecraft.server.packs.VanillaPackResourcesBuilder/]: Assets URL 'union:/C:/Users/user/IdeaProjects/SpiceUp/build/moddev/artifacts/neoforge-21.1.83-minecraft-merged.jar%23185!/data/.mcassetsroot' uses unexpected schema
[13Dec2024 12:29:54.052] [Render thread/INFO] [com.mojang.authlib.yggdrasil.YggdrasilAuthenticationService/]: Environment: Environment[sessionHost=https://sessionserver.mojang.com, servicesHost=https://api.minecraftservices.com, name=PROD]
[13Dec2024 12:29:54.060] [Render thread/INFO] [net.minecraft.client.Minecraft/]: Setting user: Dev
[13Dec2024 12:29:54.133] [Render thread/INFO] [net.minecraft.client.Minecraft/]: Backend library: LWJGL version 3.3.3+5
[13Dec2024 12:29:54.305] [modloading-worker-0/INFO] [net.neoforged.neoforge.common.NeoForgeMod/NEOFORGE-MOD]: NeoForge mod loading, version 21.1.83, for MC 1.21.1
[13Dec2024 12:29:54.384] [modloading-worker-0/INFO] [mezz.jei.library.load.PluginCaller/]: Sending ConfigManager...
[13Dec2024 12:29:54.387] [modloading-worker-0/INFO] [mezz.jei.library.load.PluginCaller/]: Sending ConfigManager took 1.764 ms
[13Dec2024 12:29:54.969] [Render thread/INFO] [net.neoforged.neoforge.gametest.GameTestHooks/]: Enabled Gametest Namespaces: [spiceup]
[13Dec2024 12:29:55.079] [Render thread/INFO] [net.minecraft.server.packs.resources.ReloadableResourceManager/]: Reloading ResourceManager: vanilla, mod_resources, mod/spiceup, mod/jade, mod/neoforge, mod/jei
[13Dec2024 12:29:55.089] [Worker-Main-1/INFO] [net.rudycharles.lsthfmod.spiceup.Spiceup/]: HELLO FROM COMMON SETUP
[13Dec2024 12:29:55.089] [Worker-Main-1/INFO] [net.rudycharles.lsthfmod.spiceup.Spiceup/]: DIRT BLOCK >> minecraft:dirt
[13Dec2024 12:29:55.089] [Worker-Main-1/INFO] [net.rudycharles.lsthfmod.spiceup.Spiceup/]: The magic number is... 42
[13Dec2024 12:29:55.089] [Worker-Main-1/INFO] [net.rudycharles.lsthfmod.spiceup.Spiceup/]: ITEM >> minecraft:iron_ingot
[13Dec2024 12:29:55.139] [Worker-Main-7/INFO] [net.minecraft.client.gui.font.providers.UnihexProvider/]: Found unifont_all_no_pua-15.1.05.hex, loading
[13Dec2024 12:29:55.209] [Worker-Main-11/INFO] [net.rudycharles.lsthfmod.spiceup.Spiceup/]: HELLO FROM CLIENT SETUP
[13Dec2024 12:29:55.209] [Worker-Main-11/INFO] [net.rudycharles.lsthfmod.spiceup.Spiceup/]: MINECRAFT NAME >> Dev
[13Dec2024 12:29:55.266] [Worker-Main-1/INFO] [net.minecraft.client.gui.font.providers.UnihexProvider/]: Found unifont_jp_patch-15.1.05.hex, loading
[13Dec2024 12:29:56.218] [Worker-Main-6/INFO] [snownee.jade.Jade/]: Start loading plugin from snownee.jade.addon.vanilla.VanillaPlugin
[13Dec2024 12:29:56.251] [Worker-Main-6/INFO] [snownee.jade.Jade/]: Bootstrapped plugin from snownee.jade.addon.vanilla.VanillaPlugin in 30.62 ms
[13Dec2024 12:29:56.257] [Worker-Main-6/INFO] [snownee.jade.Jade/]: Loaded plugin from snownee.jade.addon.vanilla.VanillaPlugin in 36.74 ms
[13Dec2024 12:29:56.257] [Worker-Main-6/INFO] [snownee.jade.Jade/]: Start loading plugin from snownee.jade.addon.universal.UniversalPlugin
[13Dec2024 12:29:56.262] [Worker-Main-6/INFO] [snownee.jade.Jade/]: Bootstrapped plugin from snownee.jade.addon.universal.UniversalPlugin in 3.813 ms
[13Dec2024 12:29:56.262] [Worker-Main-6/INFO] [snownee.jade.Jade/]: Loaded plugin from snownee.jade.addon.universal.UniversalPlugin in 4.292 ms
[13Dec2024 12:29:56.262] [Worker-Main-6/INFO] [snownee.jade.Jade/]: Start loading plugin from snownee.jade.addon.debug.DebugPlugin
[13Dec2024 12:29:56.264] [Worker-Main-6/INFO] [snownee.jade.Jade/]: Bootstrapped plugin from snownee.jade.addon.debug.DebugPlugin in 1.606 ms
[13Dec2024 12:29:56.265] [Worker-Main-6/INFO] [snownee.jade.Jade/]: Loaded plugin from snownee.jade.addon.debug.DebugPlugin in 1.906 ms
[13Dec2024 12:29:56.265] [Worker-Main-6/INFO] [snownee.jade.Jade/]: Start loading plugin from snownee.jade.addon.core.CorePlugin
[13Dec2024 12:29:56.268] [Worker-Main-6/INFO] [snownee.jade.Jade/]: Bootstrapped plugin from snownee.jade.addon.core.CorePlugin in 2.809 ms
[13Dec2024 12:29:56.268] [Worker-Main-6/INFO] [snownee.jade.Jade/]: Loaded plugin from snownee.jade.addon.core.CorePlugin in 3.138 ms
[13Dec2024 12:29:56.268] [Worker-Main-6/INFO] [snownee.jade.Jade/]: Start loading plugin from snownee.jade.addon.access.AccessibilityPlugin
[13Dec2024 12:29:56.271] [Worker-Main-6/INFO] [snownee.jade.Jade/]: Bootstrapped plugin from snownee.jade.addon.access.AccessibilityPlugin in 2.356 ms
[13Dec2024 12:29:56.271] [Worker-Main-6/INFO] [snownee.jade.Jade/]: Loaded plugin from snownee.jade.addon.access.AccessibilityPlugin in 2.634 ms
[13Dec2024 12:29:56.380] [Render thread/WARN] [net.minecraft.client.sounds.SoundEngine/]: Missing sound for event: minecraft:item.goat_horn.play
[13Dec2024 12:29:56.380] [Render thread/WARN] [net.minecraft.client.sounds.SoundEngine/]: Missing sound for event: minecraft:entity.goat.screaming.horn_break
[13Dec2024 12:29:56.593] [Render thread/INFO] [com.mojang.blaze3d.audio.Library/]: OpenAL initialized on device OpenAL Soft on Headset Earphone (G435 Wireless Gaming Headset)
[13Dec2024 12:29:56.594] [Render thread/INFO] [net.minecraft.client.sounds.SoundEngine/SOUNDS]: Sound engine started
[13Dec2024 12:29:56.742] [Render thread/INFO] [net.minecraft.client.renderer.texture.TextureAtlas/]: Created: 1024x512x4 minecraft:textures/atlas/blocks.png-atlas
[13Dec2024 12:29:56.750] [Render thread/INFO] [net.minecraft.client.renderer.texture.TextureAtlas/]: Created: 256x256x4 minecraft:textures/atlas/signs.png-atlas
[13Dec2024 12:29:56.751] [Render thread/INFO] [net.minecraft.client.renderer.texture.TextureAtlas/]: Created: 512x512x4 minecraft:textures/atlas/shield_patterns.png-atlas
[13Dec2024 12:29:56.752] [Render thread/INFO] [net.minecraft.client.renderer.texture.TextureAtlas/]: Created: 512x512x4 minecraft:textures/atlas/banner_patterns.png-atlas
[13Dec2024 12:29:56.752] [Render thread/INFO] [net.minecraft.client.renderer.texture.TextureAtlas/]: Created: 1024x1024x4 minecraft:textures/atlas/armor_trims.png-atlas
[13Dec2024 12:29:56.755] [Render thread/INFO] [net.minecraft.client.renderer.texture.TextureAtlas/]: Created: 256x256x4 minecraft:textures/atlas/chest.png-atlas
[13Dec2024 12:29:56.756] [Render thread/INFO] [net.minecraft.client.renderer.texture.TextureAtlas/]: Created: 128x64x4 minecraft:textures/atlas/decorated_pot.png-atlas
[13Dec2024 12:29:56.756] [Render thread/INFO] [net.minecraft.client.renderer.texture.TextureAtlas/]: Created: 512x256x4 minecraft:textures/atlas/shulker_boxes.png-atlas
[13Dec2024 12:29:56.756] [Render thread/INFO] [net.minecraft.client.renderer.texture.TextureAtlas/]: Created: 512x256x4 minecraft:textures/atlas/beds.png-atlas
[13Dec2024 12:29:56.910] [Render thread/INFO] [net.minecraft.client.renderer.texture.TextureAtlas/]: Created: 512x256x0 minecraft:textures/atlas/particles.png-atlas
[13Dec2024 12:29:56.912] [Render thread/INFO] [net.minecraft.client.renderer.texture.TextureAtlas/]: Created: 512x256x0 minecraft:textures/atlas/paintings.png-atlas
[13Dec2024 12:29:56.913] [Render thread/INFO] [net.minecraft.client.renderer.texture.TextureAtlas/]: Created: 256x128x0 minecraft:textures/atlas/mob_effects.png-atlas
[13Dec2024 12:29:56.913] [Render thread/INFO] [net.minecraft.client.renderer.texture.TextureAtlas/]: Created: 64x64x0 minecraft:textures/atlas/map_decorations.png-atlas
[13Dec2024 12:29:56.913] [Render thread/INFO] [net.minecraft.client.renderer.texture.TextureAtlas/]: Created: 1024x512x0 minecraft:textures/atlas/gui.png-atlas
[13Dec2024 12:29:56.930] [Render thread/WARN] [net.minecraft.client.renderer.ShaderInstance/]: Shader rendertype_entity_translucent_emissive could not find sampler named Sampler2 in the specified shader program.
[13Dec2024 12:29:56.972] [Render thread/INFO] [net.neoforged.neoforge.client.entity.animation.json.AnimationLoader/]: Loaded 0 entity animations
[13Dec2024 12:29:56.972] [Render thread/INFO] [net.minecraft.client.renderer.texture.TextureAtlas/]: Created: 256x256x0 jei:textures/atlas/gui.png-atlas
[13Dec2024 12:30:01.999] [Render thread/INFO] [net.minecraft.world.item.crafting.RecipeManager/]: Loaded 1291 recipes
[13Dec2024 12:30:02.121] [Render thread/INFO] [net.minecraft.advancements.AdvancementTree/]: Loaded 1399 advancements
[13Dec2024 12:30:02.420] [Render thread/INFO] [mezz.jei.neoforge.startup.StartEventObserver/]: JEI StartEventObserver received class net.neoforged.neoforge.event.TagsUpdatedEvent too early, ignoring
[13Dec2024 12:30:02.426] [Render thread/INFO] [snownee.jade.Jade/]: LootTableMineableCollector took 5.180 ms
[13Dec2024 12:30:02.489] [Server thread/INFO] [net.minecraft.client.server.IntegratedServer/]: Starting integrated minecraft server version 1.21.1
[13Dec2024 12:30:02.489] [Server thread/INFO] [net.minecraft.server.MinecraftServer/]: Generating keypair
[13Dec2024 12:30:03.431] [Server thread/INFO] [net.minecraft.server.MinecraftServer/]: Preparing start region for dimension minecraft:overworld
[13Dec2024 12:30:03.770] [progressListener/INFO] [net.minecraft.server.level.progress.LoggerChunkProgressListener/]: Preparing spawn area: 0%
[13Dec2024 12:30:03.831] [Server thread/INFO] [net.neoforged.neoforge.server.permission.PermissionAPI/]: Successfully initialized permission handler neoforge:default_handler
[13Dec2024 12:30:03.831] [Server thread/INFO] [net.rudycharles.lsthfmod.spiceup.Spiceup/]: HELLO from server starting
[13Dec2024 12:30:03.845] [progressListener/INFO] [net.minecraft.server.level.progress.LoggerChunkProgressListener/]: Time elapsed: 402 ms
[13Dec2024 12:30:03.887] [Server thread/INFO] [net.minecraft.client.server.IntegratedServer/]: Changing view distance to 12, from 10
[13Dec2024 12:30:03.887] [Server thread/INFO] [net.minecraft.client.server.IntegratedServer/]: Changing simulation distance to 12, from 0
[13Dec2024 12:30:04.395] [Render thread/INFO] [mezz.jei.neoforge.startup.StartEventObserver/]: JEI StartEventObserver received class net.neoforged.neoforge.event.TagsUpdatedEvent
[13Dec2024 12:30:04.563] [Server thread/INFO] [net.minecraft.server.players.PlayerList/]: Dev[local:E:5be5e4db] logged in with entity id 32 at (-287.34437453389364, 73.0, 230.324539725321)
[13Dec2024 12:30:04.596] [Server thread/INFO] [net.minecraft.server.MinecraftServer/]: Dev joined the game
[13Dec2024 12:30:04.712] [Render thread/INFO] [mezz.jei.neoforge.startup.StartEventObserver/]: JEI StartEventObserver received class net.neoforged.neoforge.client.event.RecipesUpdatedEvent
[13Dec2024 12:30:04.712] [Render thread/INFO] [mezz.jei.neoforge.startup.StartEventObserver/]: JEI StartEventObserver transitioning state from LISTENING to JEI_STARTED
[13Dec2024 12:30:04.713] [Render thread/INFO] [mezz.jei.core.util.LoggedTimer/]: Starting JEI...
[13Dec2024 12:30:04.719] [Render thread/INFO] [mezz.jei.library.load.PluginCaller/]: Registering item subtypes...
[13Dec2024 12:30:04.723] [Render thread/INFO] [mezz.jei.library.load.PluginCaller/]: Registering item subtypes took 3.625 ms
[13Dec2024 12:30:04.723] [Render thread/INFO] [mezz.jei.library.load.PluginCaller/]: Registering fluid subtypes...
[13Dec2024 12:30:04.724] [Render thread/INFO] [mezz.jei.library.load.PluginCaller/]: Registering fluid subtypes took 1.290 ms
[13Dec2024 12:30:04.726] [Render thread/INFO] [mezz.jei.library.load.PluginCaller/]: Registering ingredients...
[13Dec2024 12:30:04.817] [Render thread/WARN] [mezz.jei.library.plugins.vanilla.ingredients.ItemStackListFactory/]: Item Group has no display items and no search tab display items. Items from this group will be missing from the JEI ingredient list. Operator Utilities
[13Dec2024 12:30:04.833] [Render thread/INFO] [mezz.jei.library.load.PluginCallerTimerRunnable/]: Registering ingredients: jei:minecraft took 107.5 milliseconds
[13Dec2024 12:30:04.834] [Render thread/INFO] [mezz.jei.library.load.PluginCaller/]: Registering ingredients took 108.4 ms
[13Dec2024 12:30:04.834] [Render thread/INFO] [mezz.jei.library.load.PluginCaller/]: Registering extra ingredients...
[13Dec2024 12:30:04.835] [Render thread/INFO] [mezz.jei.library.load.PluginCaller/]: Registering extra ingredients took 549.0 μs
[13Dec2024 12:30:04.835] [Render thread/INFO] [mezz.jei.library.load.PluginCaller/]: Registering search ingredient aliases...
[13Dec2024 12:30:04.837] [Render thread/INFO] [mezz.jei.library.load.PluginCaller/]: Registering search ingredient aliases took 1.247 ms
[13Dec2024 12:30:04.847] [Render thread/INFO] [mezz.jei.library.load.PluginCaller/]: Registering Mod Info...
[13Dec2024 12:30:04.848] [Render thread/INFO] [mezz.jei.library.load.PluginCaller/]: Registering Mod Info took 775.7 μs
[13Dec2024 12:30:04.860] [Render thread/INFO] [mezz.jei.library.load.PluginCaller/]: Registering categories...
[13Dec2024 12:30:04.875] [Render thread/INFO] [mezz.jei.library.load.PluginCaller/]: Registering categories took 14.41 ms
[13Dec2024 12:30:04.875] [Render thread/INFO] [mezz.jei.library.load.PluginCaller/]: Registering vanilla category extensions...
[13Dec2024 12:30:04.877] [Render thread/INFO] [mezz.jei.library.load.PluginCaller/]: Registering vanilla category extensions took 1.791 ms
[13Dec2024 12:30:04.878] [Render thread/INFO] [mezz.jei.library.load.PluginCaller/]: Registering recipe catalysts...
[13Dec2024 12:30:04.879] [Render thread/INFO] [mezz.jei.library.load.PluginCaller/]: Registering recipe catalysts took 974.1 μs
[13Dec2024 12:30:04.879] [Render thread/INFO] [mezz.jei.core.util.LoggedTimer/]: Building recipe registry...
[13Dec2024 12:30:04.886] [Render thread/INFO] [mezz.jei.core.util.LoggedTimer/]: Building recipe registry took 6.179 ms
[13Dec2024 12:30:04.887] [Render thread/INFO] [mezz.jei.library.load.PluginCaller/]: Registering advanced plugins...
[13Dec2024 12:30:04.888] [Render thread/INFO] [mezz.jei.library.load.PluginCaller/]: Registering advanced plugins took 731.0 μs
[13Dec2024 12:30:04.888] [Render thread/INFO] [mezz.jei.library.load.PluginCaller/]: Registering recipes...
[13Dec2024 12:30:05.006] [Render thread/INFO] [mezz.jei.library.load.PluginCallerTimerRunnable/]: Registering recipes: jei:minecraft took 117.1 milliseconds
[13Dec2024 12:30:05.035] [Render thread/INFO] [mezz.jei.library.load.PluginCallerTimerRunnable/]: Registering recipes: jei:internal took 28.45 milliseconds
[13Dec2024 12:30:05.035] [Render thread/INFO] [mezz.jei.library.load.PluginCaller/]: Registering recipes took 146.7 ms
[13Dec2024 12:30:05.041] [Render thread/INFO] [mezz.jei.library.load.PluginCaller/]: Registering recipes transfer handlers...
[13Dec2024 12:30:05.044] [Render thread/INFO] [mezz.jei.library.load.PluginCaller/]: Registering recipes transfer handlers took 2.637 ms
[13Dec2024 12:30:05.051] [Render thread/INFO] [mezz.jei.core.util.LoggedTimer/]: Building runtime...
[13Dec2024 12:30:05.054] [Render thread/INFO] [mezz.jei.library.load.PluginCaller/]: Registering gui handlers...
[13Dec2024 12:30:05.059] [Render thread/INFO] [mezz.jei.library.load.PluginCaller/]: Registering gui handlers took 4.754 ms
[13Dec2024 12:30:05.062] [Render thread/INFO] [mezz.jei.library.load.PluginCaller/]: Registering Runtime...
[13Dec2024 12:30:05.064] [Render thread/INFO] [mezz.jei.gui.startup.JeiGuiStarter/]: Starting JEI GUI
[13Dec2024 12:30:05.064] [Render thread/INFO] [mezz.jei.core.util.LoggedTimer/]: Building ingredient list...
[13Dec2024 12:30:05.083] [Render thread/INFO] [mezz.jei.core.util.LoggedTimer/]: Building ingredient list took 18.81 ms
[13Dec2024 12:30:05.083] [Render thread/INFO] [mezz.jei.core.util.LoggedTimer/]: Building ingredient filter...
[13Dec2024 12:30:05.106] [Render thread/INFO] [mezz.jei.gui.ingredients.IngredientFilter/]: Adding 1690 ingredients
[13Dec2024 12:30:05.330] [Render thread/INFO] [mezz.jei.gui.ingredients.IngredientFilter/]: Added 1690 ingredients
[13Dec2024 12:30:05.331] [Render thread/INFO] [mezz.jei.core.util.LoggedTimer/]: Building ingredient filter took 246.6 ms
[13Dec2024 12:30:05.376] [Render thread/INFO] [mezz.jei.library.load.PluginCallerTimerRunnable/]: Registering Runtime: jei:neoforge_gui took 312.5 milliseconds
[13Dec2024 12:30:05.376] [Render thread/INFO] [mezz.jei.library.load.PluginCaller/]: Registering Runtime took 313.2 ms
[13Dec2024 12:30:05.377] [Render thread/INFO] [mezz.jei.core.util.LoggedTimer/]: Building runtime took 325.1 ms
[13Dec2024 12:30:05.377] [Render thread/INFO] [mezz.jei.library.load.PluginCaller/]: Sending Runtime...
[13Dec2024 12:30:05.377] [Render thread/INFO] [mezz.jei.library.load.PluginCaller/]: Sending Runtime took 502.7 μs
[13Dec2024 12:30:05.378] [Render thread/INFO] [mezz.jei.core.util.LoggedTimer/]: Starting JEI took 664.9 ms
[13Dec2024 12:30:05.389] [Render thread/INFO] [snownee.jade.Jade/]: Received config from the server: 
[13Dec2024 12:30:05.390] [Render thread/INFO] [net.minecraft.advancements.AdvancementTree/]: Loaded 46 advancements
[13Dec2024 12:31:34.200] [Render thread/INFO] [net.minecraft.advancements.AdvancementTree/]: Loaded 47 advancements
[13Dec2024 12:32:04.993] [Render thread/INFO] [net.minecraft.client.Minecraft/]: Stopping!
[13Dec2024 12:32:04.999] [Render thread/INFO] [mezz.jei.neoforge.startup.StartEventObserver/]: JEI StartEventObserver received class net.neoforged.neoforge.client.event.ClientPlayerNetworkEvent$LoggingOut
[13Dec2024 12:32:05.000] [Render thread/INFO] [mezz.jei.neoforge.startup.StartEventObserver/]: JEI StartEventObserver transitioning state from JEI_STARTED to LISTENING
[13Dec2024 12:32:05.000] [Render thread/INFO] [mezz.jei.library.startup.JeiStarter/]: Stopping JEI
[13Dec2024 12:32:05.001] [Render thread/INFO] [mezz.jei.library.load.PluginCaller/]: Sending Runtime Unavailable...
[13Dec2024 12:32:05.002] [Render thread/INFO] [mezz.jei.neoforge.plugins.neoforge.NeoForgeGuiPlugin/]: Stopping JEI GUI
[13Dec2024 12:32:05.005] [Render thread/INFO] [mezz.jei.library.load.PluginCaller/]: Sending Runtime Unavailable took 4.182 ms
[13Dec2024 12:32:05.040] [Server thread/INFO] [net.minecraft.server.network.ServerGamePacketListenerImpl/]: Dev lost connection: Disconnected
[13Dec2024 12:32:05.040] [Server thread/INFO] [net.minecraft.server.MinecraftServer/]: Dev left the game
[13Dec2024 12:32:05.059] [Server thread/INFO] [net.minecraft.server.network.ServerCommonPacketListenerImpl/]: Stopping singleplayer server as player logged out
[13Dec2024 12:32:05.093] [Server thread/INFO] [net.minecraft.server.MinecraftServer/]: Stopping server
[13Dec2024 12:32:05.094] [Server thread/INFO] [net.minecraft.server.MinecraftServer/]: Saving players
[13Dec2024 12:32:05.094] [Server thread/INFO] [net.minecraft.server.MinecraftServer/]: Saving worlds
[13Dec2024 12:32:05.307] [Server thread/INFO] [net.minecraft.server.MinecraftServer/]: Saving chunks for level 'ServerLevel[New World]'/minecraft:overworld
[13Dec2024 12:32:05.374] [Server thread/INFO] [net.minecraft.server.MinecraftServer/]: Saving chunks for level 'ServerLevel[New World]'/minecraft:the_nether
[13Dec2024 12:32:05.379] [Server thread/INFO] [net.minecraft.server.MinecraftServer/]: Saving chunks for level 'ServerLevel[New World]'/minecraft:the_end
[13Dec2024 12:32:05.388] [Server thread/INFO] [net.minecraft.server.MinecraftServer/]: ThreadedAnvilChunkStorage (New World (1)): All chunks are saved
[13Dec2024 12:32:05.389] [Server thread/INFO] [net.minecraft.server.MinecraftServer/]: ThreadedAnvilChunkStorage (DIM-1): All chunks are saved
[13Dec2024 12:32:05.389] [Server thread/INFO] [net.minecraft.server.MinecraftServer/]: ThreadedAnvilChunkStorage (DIM1): All chunks are saved
[13Dec2024 12:32:05.389] [Server thread/INFO] [net.minecraft.server.MinecraftServer/]: ThreadedAnvilChunkStorage: All dimensions are saved
